Log file opened on Wed Aug  2 09:03:33 2017
Host: md74  pid: 28649  rank ID: 0  number of ranks:  1
                      :-) GROMACS - gmx mdrun, 2016.3 (-:

                            GROMACS is written by:
     Emile Apol      Rossen Apostolov  Herman J.C. Berendsen    Par Bjelkmar   
 Aldert van Buuren   Rudi van Drunen     Anton Feenstra    Gerrit Groenhof  
 Christoph Junghans   Anca Hamuraru    Vincent Hindriksen Dimitrios Karkoulis
    Peter Kasson        Jiri Kraus      Carsten Kutzner      Per Larsson    
  Justin A. Lemkul   Magnus Lundborg   Pieter Meulenhoff    Erik Marklund   
   Teemu Murtola       Szilard Pall       Sander Pronk      Roland Schulz   
  Alexey Shvetsov     Michael Shirts     Alfons Sijbers     Peter Tieleman  
  Teemu Virolainen  Christian Wennberg    Maarten Wolf   
                           and the project leaders:
        Mark Abraham, Berk Hess, Erik Lindahl, and David van der Spoel

Copyright (c) 1991-2000, University of Groningen, The Netherlands.
Copyright (c) 2001-2017, The GROMACS development team at
Uppsala University, Stockholm University and
the Royal Institute of Technology, Sweden.
check out http://www.gromacs.org for more information.

GROMACS is free software; you can redistribute it and/or modify it
under the terms of the GNU Lesser General Public License
as published by the Free Software Foundation; either version 2.1
of the License, or (at your option) any later version.

GROMACS:      gmx mdrun, version 2016.3
Executable:   /usr/local/gromacs-2016.3/bin/gmx
Data prefix:  /usr/local/gromacs-2016.3
Working dir:  /coarse/alex/MWS2017/TUTORIALS/WORKED/bilayer-lipidome-tutorial/spontaneous-assembly/equilbration/dspe
Command line:
  gmx mdrun -v -deffnm dspe-ext

GROMACS version:    2016.3
Precision:          single
Memory model:       64 bit
MPI library:        thread_mpi
OpenMP support:     enabled (GMX_OPENMP_MAX_THREADS = 32)
GPU support:        CUDA
SIMD instructions:  SSE4.1
FFT library:        fftw-3.3.5-sse2
RDTSCP usage:       enabled
TNG support:        enabled
Hwloc support:      hwloc-1.11.0
Tracing support:    disabled
Built on:           zo  2 jul 2017 22:54:17 CEST
Built by:           root@md74 [CMAKE]
Build OS/arch:      Linux 4.4.0-78-generic x86_64
Build CPU vendor:   Intel
Build CPU brand:    Intel(R) Core(TM) i7 CPU         950  @ 3.07GHz
Build CPU family:   6   Model: 26   Stepping: 5
Build CPU features: apic clfsh cmov cx8 cx16 htt lahf mmx msr nonstop_tsc pdcm popcnt pse rdtscp sse2 sse3 sse4.1 sse4.2 ssse3
C compiler:         /usr/bin/cc GNU 5.4.0
C compiler flags:    -msse4.1     -O3 -DNDEBUG -funroll-all-loops -fexcess-precision=fast  
C++ compiler:       /usr/bin/c++ GNU 5.4.0
C++ compiler flags:  -msse4.1    -std=c++0x   -O3 -DNDEBUG -funroll-all-loops -fexcess-precision=fast  
CUDA compiler:      /usr/local/cuda/bin/nvcc nvcc: NVIDIA (R) Cuda compiler driver;Copyright (c) 2005-2016 NVIDIA Corporation;Built on Tue_Jan_10_13:22:03_CST_2017;Cuda compilation tools, release 8.0, V8.0.61
CUDA compiler flags:-gencode;arch=compute_20,code=sm_20;-gencode;arch=compute_30,code=sm_30;-gencode;arch=compute_35,code=sm_35;-gencode;arch=compute_37,code=sm_37;-gencode;arch=compute_50,code=sm_50;-gencode;arch=compute_52,code=sm_52;-gencode;arch=compute_60,code=sm_60;-gencode;arch=compute_61,code=sm_61;-gencode;arch=compute_60,code=compute_60;-gencode;arch=compute_61,code=compute_61;-use_fast_math;-D_FORCE_INLINES;;-Xcompiler;,-msse4.1,,,,,,;-Xcompiler;-O3,-DNDEBUG,-funroll-all-loops,-fexcess-precision=fast,,; 
CUDA driver:        8.0
CUDA runtime:       8.0


Running on 1 node with total 4 cores, 8 logical cores, 1 compatible GPU
Hardware detected:
  CPU info:
    Vendor: Intel
    Brand:  Intel(R) Core(TM) i7 CPU         950  @ 3.07GHz
    Family: 6   Model: 26   Stepping: 5
    Features: apic clfsh cmov cx8 cx16 htt lahf mmx msr nonstop_tsc pdcm popcnt pse rdtscp sse2 sse3 sse4.1 sse4.2 ssse3
    SIMD instructions most likely to fit this hardware: SSE4.1
    SIMD instructions selected at GROMACS compile time: SSE4.1

  Hardware topology: Full, with devices
    Sockets, cores, and logical processors:
      Socket  0: [   0   4] [   1   5] [   2   6] [   3   7]
    Numa nodes:
      Node  0 (6244683776 bytes mem):   0   1   2   3   4   5   6   7
      Latency:
               0
         0  1.00
    Caches:
      L1: 32768 bytes, linesize 64 bytes, assoc. 8, shared 2 ways
      L2: 262144 bytes, linesize 64 bytes, assoc. 8, shared 2 ways
      L3: 8388608 bytes, linesize 64 bytes, assoc. 16, shared 8 ways
    PCI devices:
      0000:02:00.0  Id: 10de:1245  Class: 0x0300  Numa: 0
      0000:00:19.0  Id: 8086:10cc  Class: 0x0200  Numa: 0
      0000:06:00.0  Id: 11ab:6121  Class: 0x0101  Numa: 0
      0000:00:1f.2  Id: 8086:3a20  Class: 0x0101  Numa: 0
      0000:00:1f.5  Id: 8086:3a26  Class: 0x0101  Numa: 0
  GPU info:
    Number of GPUs detected: 1
    #0: NVIDIA GeForce GTS 450, compute cap.: 2.1, ECC:  no, stat: compatible


++++ PLEASE READ AND CITE THE FOLLOWING REFERENCE ++++
M. J. Abraham, T. Murtola, R. Schulz, S. Páll, J. C. Smith, B. Hess, E.
Lindahl
GROMACS: High performance molecular simulations through multi-level
parallelism from laptops to supercomputers
SoftwareX 1 (2015) pp. 19-25
-------- -------- --- Thank You --- -------- --------


++++ PLEASE READ AND CITE THE FOLLOWING REFERENCE ++++
S. Páll, M. J. Abraham, C. Kutzner, B. Hess, E. Lindahl
Tackling Exascale Software Challenges in Molecular Dynamics Simulations with
GROMACS
In S. Markidis & E. Laure (Eds.), Solving Software Challenges for Exascale 8759 (2015) pp. 3-27
-------- -------- --- Thank You --- -------- --------


++++ PLEASE READ AND CITE THE FOLLOWING REFERENCE ++++
S. Pronk, S. Páll, R. Schulz, P. Larsson, P. Bjelkmar, R. Apostolov, M. R.
Shirts, J. C. Smith, P. M. Kasson, D. van der Spoel, B. Hess, and E. Lindahl
GROMACS 4.5: a high-throughput and highly parallel open source molecular
simulation toolkit
Bioinformatics 29 (2013) pp. 845-54
-------- -------- --- Thank You --- -------- --------


++++ PLEASE READ AND CITE THE FOLLOWING REFERENCE ++++
B. Hess and C. Kutzner and D. van der Spoel and E. Lindahl
GROMACS 4: Algorithms for highly efficient, load-balanced, and scalable
molecular simulation
J. Chem. Theory Comput. 4 (2008) pp. 435-447
-------- -------- --- Thank You --- -------- --------


++++ PLEASE READ AND CITE THE FOLLOWING REFERENCE ++++
D. van der Spoel, E. Lindahl, B. Hess, G. Groenhof, A. E. Mark and H. J. C.
Berendsen
GROMACS: Fast, Flexible and Free
J. Comp. Chem. 26 (2005) pp. 1701-1719
-------- -------- --- Thank You --- -------- --------


++++ PLEASE READ AND CITE THE FOLLOWING REFERENCE ++++
E. Lindahl and B. Hess and D. van der Spoel
GROMACS 3.0: A package for molecular simulation and trajectory analysis
J. Mol. Mod. 7 (2001) pp. 306-317
-------- -------- --- Thank You --- -------- --------


++++ PLEASE READ AND CITE THE FOLLOWING REFERENCE ++++
H. J. C. Berendsen, D. van der Spoel and R. van Drunen
GROMACS: A message-passing parallel molecular dynamics implementation
Comp. Phys. Comm. 91 (1995) pp. 43-56
-------- -------- --- Thank You --- -------- --------

Input Parameters:
   integrator                     = md
   tinit                          = 0
   dt                             = 0.03
   nsteps                         = 1000000
   init-step                      = 0
   simulation-part                = 1
   comm-mode                      = Linear
   nstcomm                        = 100
   bd-fric                        = 0
   ld-seed                        = -791308751
   emtol                          = 10
   emstep                         = 0.01
   niter                          = 20
   fcstep                         = 0
   nstcgsteep                     = 1000
   nbfgscorr                      = 10
   rtpi                           = 0.05
   nstxout                        = 0
   nstvout                        = 0
   nstfout                        = 0
   nstlog                         = 10000
   nstcalcenergy                  = 100
   nstenergy                      = 100
   nstxout-compressed             = 1000
   compressed-x-precision         = 100
   cutoff-scheme                  = Verlet
   nstlist                        = 20
   ns-type                        = Grid
   pbc                            = xyz
   periodic-molecules             = false
   verlet-buffer-tolerance        = 0.005
   rlist                          = 1.324
   coulombtype                    = Reaction-Field
   coulomb-modifier               = Potential-shift
   rcoulomb-switch                = 0
   rcoulomb                       = 1.1
   epsilon-r                      = 15
   epsilon-rf                     = inf
   vdw-type                       = Cut-off
   vdw-modifier                   = Potential-shift
   rvdw-switch                    = 0
   rvdw                           = 1.1
   DispCorr                       = No
   table-extension                = 1
   fourierspacing                 = 0.12
   fourier-nx                     = 0
   fourier-ny                     = 0
   fourier-nz                     = 0
   pme-order                      = 4
   ewald-rtol                     = 1e-05
   ewald-rtol-lj                  = 0.001
   lj-pme-comb-rule               = Geometric
   ewald-geometry                 = 0
   epsilon-surface                = 0
   implicit-solvent               = No
   gb-algorithm                   = Still
   nstgbradii                     = 1
   rgbradii                       = 1
   gb-epsilon-solvent             = 80
   gb-saltconc                    = 0
   gb-obc-alpha                   = 1
   gb-obc-beta                    = 0.8
   gb-obc-gamma                   = 4.85
   gb-dielectric-offset           = 0.009
   sa-algorithm                   = Ace-approximation
   sa-surface-tension             = 2.05016
   tcoupl                         = V-rescale
   nsttcouple                     = 20
   nh-chain-length                = 0
   print-nose-hoover-chain-variables = false
   pcoupl                         = Berendsen
   pcoupltype                     = Semiisotropic
   nstpcouple                     = 20
   tau-p                          = 12
   compressibility (3x3):
      compressibility[    0]={ 3.00000e-04,  0.00000e+00,  0.00000e+00}
      compressibility[    1]={ 0.00000e+00,  3.00000e-04,  0.00000e+00}
      compressibility[    2]={ 0.00000e+00,  0.00000e+00,  3.00000e-04}
   ref-p (3x3):
      ref-p[    0]={ 1.00000e+00,  0.00000e+00,  0.00000e+00}
      ref-p[    1]={ 0.00000e+00,  1.00000e+00,  0.00000e+00}
      ref-p[    2]={ 0.00000e+00,  0.00000e+00,  1.00000e+00}
   refcoord-scaling               = No
   posres-com (3):
      posres-com[0]= 0.00000e+00
      posres-com[1]= 0.00000e+00
      posres-com[2]= 0.00000e+00
   posres-comB (3):
      posres-comB[0]= 0.00000e+00
      posres-comB[1]= 0.00000e+00
      posres-comB[2]= 0.00000e+00
   QMMM                           = false
   QMconstraints                  = 0
   QMMMscheme                     = 0
   MMChargeScaleFactor            = 1
qm-opts:
   ngQM                           = 0
   constraint-algorithm           = Lincs
   continuation                   = false
   Shake-SOR                      = false
   shake-tol                      = 0.0001
   lincs-order                    = 4
   lincs-iter                     = 1
   lincs-warnangle                = 30
   nwall                          = 0
   wall-type                      = 9-3
   wall-r-linpot                  = -1
   wall-atomtype[0]               = -1
   wall-atomtype[1]               = -1
   wall-density[0]                = 0
   wall-density[1]                = 0
   wall-ewald-zfac                = 3
   pull                           = false
   rotation                       = false
   interactiveMD                  = false
   disre                          = No
   disre-weighting                = Conservative
   disre-mixed                    = false
   dr-fc                          = 1000
   dr-tau                         = 0
   nstdisreout                    = 100
   orire-fc                       = 0
   orire-tau                      = 0
   nstorireout                    = 100
   free-energy                    = no
   cos-acceleration               = 0
   deform (3x3):
      deform[    0]={ 0.00000e+00,  0.00000e+00,  0.00000e+00}
      deform[    1]={ 0.00000e+00,  0.00000e+00,  0.00000e+00}
      deform[    2]={ 0.00000e+00,  0.00000e+00,  0.00000e+00}
   simulated-tempering            = false
   E-x:
      n = 0
   E-xt:
      n = 0
   E-y:
      n = 0
   E-yt:
      n = 0
   E-z:
      n = 0
   E-zt:
      n = 0
   swapcoords                     = no
   userint1                       = 0
   userint2                       = 0
   userint3                       = 0
   userint4                       = 0
   userreal1                      = 0
   userreal2                      = 0
   userreal3                      = 0
   userreal4                      = 0
grpopts:
   nrdf:        4606        2303
   ref-t:         341         341
   tau-t:           1           1
annealing:          No          No
annealing-npoints:           0           0
   acc:	           0           0           0
   nfreeze:           N           N           N
   energygrp-flags[  0]: 0 0
   energygrp-flags[  1]: 0 0

Using 1 MPI thread
Using 8 OpenMP threads 

1 compatible GPU is present, with ID 0
1 GPU auto-selected for this run.
Mapping of GPU ID to the 1 PP rank in this node: 0

Cut-off's:   NS: 1.324   Coulomb: 1.1   LJ: 1.1
Reaction-Field:
epsRF = 0, rc = 1.1, krf = 0.375657, crf = 1.36364, epsfac = 9.26236
The electrostatics potential has its minimum at r = 1.1
System total charge: 0.000
Potential shift: LJ r^-12: -3.186e-01 r^-6: -5.645e-01

Using GPU 8x8 non-bonded kernels

Using full Lennard-Jones parameter combination matrix


NOTE: With GPUs, reporting energy group contributions is not supported

Removing pbc first time
Pinning threads with an auto-selected logical core stride of 1
Intra-simulation communication will occur every 20 steps.
Center of mass motion removal mode is Linear
We have the following groups for center of mass motion removal:
  0:  rest

++++ PLEASE READ AND CITE THE FOLLOWING REFERENCE ++++
G. Bussi, D. Donadio and M. Parrinello
Canonical sampling through velocity rescaling
J. Chem. Phys. 126 (2007) pp. 014101
-------- -------- --- Thank You --- -------- --------

There are: 2304 Atoms
Initial temperature: 340.915 K

Started mdrun on rank 0 Wed Aug  2 09:03:33 2017
           Step           Time
              0        0.00000

   Energies (kJ/mol)
           Bond       G96Angle        LJ (SR)   Coulomb (SR)      Potential
    2.75325e+03    1.25152e+03   -4.77410e+04   -5.54686e+02   -4.42910e+04
    Kinetic En.   Total Energy    Temperature Pressure (bar)
    1.01068e+04   -3.41842e+04    3.51879e+02    3.56480e+01

           Step           Time
          10000      300.00000

   Energies (kJ/mol)
           Bond       G96Angle        LJ (SR)   Coulomb (SR)      Potential
    2.57029e+03    1.17635e+03   -4.83348e+04   -6.53680e+02   -4.52418e+04
    Kinetic En.   Total Energy    Temperature Pressure (bar)
    1.00115e+04   -3.52303e+04    3.48562e+02   -2.20804e+01

           Step           Time
          20000      600.00000

   Energies (kJ/mol)
           Bond       G96Angle        LJ (SR)   Coulomb (SR)      Potential
    2.58623e+03    1.04061e+03   -4.85183e+04   -6.37663e+02   -4.55292e+04
    Kinetic En.   Total Energy    Temperature Pressure (bar)
    9.80672e+03   -3.57224e+04    3.41432e+02   -1.44224e+01

           Step           Time
          30000      900.00000

   Energies (kJ/mol)
           Bond       G96Angle        LJ (SR)   Coulomb (SR)      Potential
    2.57428e+03    1.04745e+03   -4.85117e+04   -6.29775e+02   -4.55198e+04
    Kinetic En.   Total Energy    Temperature Pressure (bar)
    1.01581e+04   -3.53617e+04    3.53666e+02   -3.66863e+01

           Step           Time
          40000     1200.00000

   Energies (kJ/mol)
           Bond       G96Angle        LJ (SR)   Coulomb (SR)      Potential
    2.52873e+03    1.11086e+03   -4.86972e+04   -6.20270e+02   -4.56779e+04
    Kinetic En.   Total Energy    Temperature Pressure (bar)
    1.01446e+04   -3.55333e+04    3.53195e+02   -1.86002e-01

           Step           Time
          50000     1500.00000

   Energies (kJ/mol)
           Bond       G96Angle        LJ (SR)   Coulomb (SR)      Potential
    2.37813e+03    1.10473e+03   -4.82503e+04   -6.22300e+02   -4.53897e+04
    Kinetic En.   Total Energy    Temperature Pressure (bar)
    9.91538e+03   -3.54744e+04    3.45215e+02    8.11367e+00

           Step           Time
          60000     1800.00000

   Energies (kJ/mol)
           Bond       G96Angle        LJ (SR)   Coulomb (SR)      Potential
    2.39607e+03    1.04479e+03   -4.83868e+04   -6.31056e+02   -4.55769e+04
    Kinetic En.   Total Energy    Temperature Pressure (bar)
    1.01041e+04   -3.54728e+04    3.51787e+02   -1.37023e+01

           Step           Time
          70000     2100.00000

   Energies (kJ/mol)
           Bond       G96Angle        LJ (SR)   Coulomb (SR)      Potential
    2.47162e+03    1.02885e+03   -4.83101e+04   -5.84075e+02   -4.53937e+04
    Kinetic En.   Total Energy    Temperature Pressure (bar)
    1.01555e+04   -3.52382e+04    3.53577e+02    4.63281e+01

           Step           Time
          80000     2400.00000

   Energies (kJ/mol)
           Bond       G96Angle        LJ (SR)   Coulomb (SR)      Potential
    2.52649e+03    1.00435e+03   -4.84571e+04   -6.60298e+02   -4.55865e+04
    Kinetic En.   Total Energy    Temperature Pressure (bar)
    9.95144e+03   -3.56351e+04    3.46471e+02   -7.05562e+00

           Step           Time
          90000     2700.00000

   Energies (kJ/mol)
           Bond       G96Angle        LJ (SR)   Coulomb (SR)      Potential
    2.46598e+03    1.07240e+03   -4.83143e+04   -6.19788e+02   -4.53957e+04
    Kinetic En.   Total Energy    Temperature Pressure (bar)
    9.71327e+03   -3.56824e+04    3.38179e+02   -5.30351e+01

           Step           Time
         100000     3000.00000

   Energies (kJ/mol)
           Bond       G96Angle        LJ (SR)   Coulomb (SR)      Potential
    2.59487e+03    9.60870e+02   -4.86236e+04   -6.32451e+02   -4.57003e+04
    Kinetic En.   Total Energy    Temperature Pressure (bar)
    9.73819e+03   -3.59621e+04    3.39046e+02    7.26706e+01

           Step           Time
         110000     3300.00000

   Energies (kJ/mol)
           Bond       G96Angle        LJ (SR)   Coulomb (SR)      Potential
    2.44859e+03    1.00866e+03   -4.82883e+04   -6.26694e+02   -4.54577e+04
    Kinetic En.   Total Energy    Temperature Pressure (bar)
    9.59175e+03   -3.58660e+04    3.33948e+02   -1.99633e+01

           Step           Time
         120000     3600.00000

   Energies (kJ/mol)
           Bond       G96Angle        LJ (SR)   Coulomb (SR)      Potential
    2.45322e+03    1.11964e+03   -4.86464e+04   -5.97833e+02   -4.56714e+04
    Kinetic En.   Total Energy    Temperature Pressure (bar)
    9.55040e+03   -3.61210e+04    3.32508e+02   -3.50779e+01

           Step           Time
         130000     3900.00000

   Energies (kJ/mol)
           Bond       G96Angle        LJ (SR)   Coulomb (SR)      Potential
    2.54775e+03    1.05077e+03   -4.85362e+04   -6.15183e+02   -4.55529e+04
    Kinetic En.   Total Energy    Temperature Pressure (bar)
    9.87290e+03   -3.56800e+04    3.43736e+02   -1.76017e+01

           Step           Time
         140000     4200.00000

   Energies (kJ/mol)
           Bond       G96Angle        LJ (SR)   Coulomb (SR)      Potential
    2.56397e+03    1.00033e+03   -4.88522e+04   -5.91340e+02   -4.58792e+04
    Kinetic En.   Total Energy    Temperature Pressure (bar)
    9.62882e+03   -3.62504e+04    3.35238e+02   -2.44283e+01

           Step           Time
         150000     4500.00000

   Energies (kJ/mol)
           Bond       G96Angle        LJ (SR)   Coulomb (SR)      Potential
    2.54898e+03    1.04614e+03   -4.88438e+04   -6.41839e+02   -4.58905e+04
    Kinetic En.   Total Energy    Temperature Pressure (bar)
    9.94131e+03   -3.59492e+04    3.46118e+02   -2.13741e+01

           Step           Time
         160000     4800.00000

   Energies (kJ/mol)
           Bond       G96Angle        LJ (SR)   Coulomb (SR)      Potential
    2.62614e+03    1.07905e+03   -4.86571e+04   -6.55655e+02   -4.56075e+04
    Kinetic En.   Total Energy    Temperature Pressure (bar)
    9.33129e+03   -3.62762e+04    3.24879e+02    6.15202e+01

           Step           Time
         170000     5100.00000

   Energies (kJ/mol)
           Bond       G96Angle        LJ (SR)   Coulomb (SR)      Potential
    2.54991e+03    1.14315e+03   -4.89031e+04   -6.79524e+02   -4.58896e+04
    Kinetic En.   Total Energy    Temperature Pressure (bar)
    9.58438e+03   -3.63052e+04    3.33691e+02   -8.96118e+01

           Step           Time
         180000     5400.00000

   Energies (kJ/mol)
           Bond       G96Angle        LJ (SR)   Coulomb (SR)      Potential
    2.65809e+03    9.85248e+02   -4.83187e+04   -6.42269e+02   -4.53176e+04
    Kinetic En.   Total Energy    Temperature Pressure (bar)
    9.75909e+03   -3.55585e+04    3.39774e+02    2.25795e+01

           Step           Time
         190000     5700.00000

   Energies (kJ/mol)
           Bond       G96Angle        LJ (SR)   Coulomb (SR)      Potential
    2.68086e+03    1.13384e+03   -4.84221e+04   -5.83112e+02   -4.51906e+04
    Kinetic En.   Total Energy    Temperature Pressure (bar)
    9.94892e+03   -3.52416e+04    3.46383e+02   -3.94172e+01

           Step           Time
         200000     6000.00000

   Energies (kJ/mol)
           Bond       G96Angle        LJ (SR)   Coulomb (SR)      Potential
    2.51608e+03    1.02818e+03   -4.86219e+04   -6.60932e+02   -4.57385e+04
    Kinetic En.   Total Energy    Temperature Pressure (bar)
    9.56952e+03   -3.61690e+04    3.33174e+02    4.91274e+01

           Step           Time
         210000     6300.00000

   Energies (kJ/mol)
           Bond       G96Angle        LJ (SR)   Coulomb (SR)      Potential
    2.40327e+03    9.53308e+02   -4.84932e+04   -6.35731e+02   -4.57724e+04
    Kinetic En.   Total Energy    Temperature Pressure (bar)
    9.72366e+03   -3.60487e+04    3.38540e+02   -4.47603e+01

           Step           Time
         220000     6600.00000

   Energies (kJ/mol)
           Bond       G96Angle        LJ (SR)   Coulomb (SR)      Potential
    2.55871e+03    9.57802e+02   -4.84268e+04   -6.43109e+02   -4.55534e+04
    Kinetic En.   Total Energy    Temperature Pressure (bar)
    1.01373e+04   -3.54161e+04    3.52941e+02    2.46181e+01

           Step           Time
         230000     6900.00000

   Energies (kJ/mol)
           Bond       G96Angle        LJ (SR)   Coulomb (SR)      Potential
    2.45875e+03    1.03033e+03   -4.89636e+04   -6.53638e+02   -4.61281e+04
    Kinetic En.   Total Energy    Temperature Pressure (bar)
    9.74671e+03   -3.63814e+04    3.39343e+02   -7.37632e+01

           Step           Time
         240000     7200.00000

   Energies (kJ/mol)
           Bond       G96Angle        LJ (SR)   Coulomb (SR)      Potential
    2.61719e+03    1.06776e+03   -4.84263e+04   -6.11466e+02   -4.53529e+04
    Kinetic En.   Total Energy    Temperature Pressure (bar)
    9.83322e+03   -3.55196e+04    3.42355e+02    1.31524e-01

           Step           Time
         250000     7500.00000

   Energies (kJ/mol)
           Bond       G96Angle        LJ (SR)   Coulomb (SR)      Potential
    2.62992e+03    1.00869e+03   -4.81641e+04   -6.22084e+02   -4.51476e+04
    Kinetic En.   Total Energy    Temperature Pressure (bar)
    1.00044e+04   -3.51432e+04    3.48315e+02    2.45238e+01

           Step           Time
         260000     7800.00000

   Energies (kJ/mol)
           Bond       G96Angle        LJ (SR)   Coulomb (SR)      Potential
    2.44757e+03    1.02385e+03   -4.86599e+04   -6.03977e+02   -4.57924e+04
    Kinetic En.   Total Energy    Temperature Pressure (bar)
    9.55525e+03   -3.62372e+04    3.32677e+02    2.63643e+01

           Step           Time
         270000     8100.00000

   Energies (kJ/mol)
           Bond       G96Angle        LJ (SR)   Coulomb (SR)      Potential
    2.54490e+03    1.06336e+03   -4.85653e+04   -7.17616e+02   -4.56747e+04
    Kinetic En.   Total Energy    Temperature Pressure (bar)
    9.43601e+03   -3.62387e+04    3.28525e+02   -4.63177e+01

           Step           Time
         280000     8400.00000

   Energies (kJ/mol)
           Bond       G96Angle        LJ (SR)   Coulomb (SR)      Potential
    2.39435e+03    1.01671e+03   -4.81562e+04   -6.28475e+02   -4.53736e+04
    Kinetic En.   Total Energy    Temperature Pressure (bar)
    9.79073e+03   -3.55829e+04    3.40875e+02    4.17974e+01

           Step           Time
         290000     8700.00000

   Energies (kJ/mol)
           Bond       G96Angle        LJ (SR)   Coulomb (SR)      Potential
    2.34738e+03    1.10051e+03   -4.84562e+04   -6.31865e+02   -4.56402e+04
    Kinetic En.   Total Energy    Temperature Pressure (bar)
    9.68753e+03   -3.59527e+04    3.37282e+02    9.78125e+01

           Step           Time
         300000     9000.00000

   Energies (kJ/mol)
           Bond       G96Angle        LJ (SR)   Coulomb (SR)      Potential
    2.49419e+03    1.02000e+03   -4.89355e+04   -6.13382e+02   -4.60347e+04
    Kinetic En.   Total Energy    Temperature Pressure (bar)
    9.57208e+03   -3.64626e+04    3.33263e+02   -6.01175e+01

           Step           Time
         310000     9300.00000

   Energies (kJ/mol)
           Bond       G96Angle        LJ (SR)   Coulomb (SR)      Potential
    2.58717e+03    1.08895e+03   -4.85624e+04   -6.63493e+02   -4.55498e+04
    Kinetic En.   Total Energy    Temperature Pressure (bar)
    1.00634e+04   -3.54864e+04    3.50369e+02   -6.53220e+01

           Step           Time
         320000     9600.00000

   Energies (kJ/mol)
           Bond       G96Angle        LJ (SR)   Coulomb (SR)      Potential
    2.37938e+03    1.05573e+03   -4.85174e+04   -6.11079e+02   -4.56934e+04
    Kinetic En.   Total Energy    Temperature Pressure (bar)
    1.02078e+04   -3.54856e+04    3.55395e+02   -1.10553e+01

           Step           Time
         330000     9900.00000

   Energies (kJ/mol)
           Bond       G96Angle        LJ (SR)   Coulomb (SR)      Potential
    2.47278e+03    1.07305e+03   -4.82908e+04   -5.90174e+02   -4.53352e+04
    Kinetic En.   Total Energy    Temperature Pressure (bar)
    9.86800e+03   -3.54672e+04    3.43566e+02    3.50497e+01

           Step           Time
         340000    10200.00000

   Energies (kJ/mol)
           Bond       G96Angle        LJ (SR)   Coulomb (SR)      Potential
    2.56507e+03    1.05227e+03   -4.87638e+04   -6.47819e+02   -4.57942e+04
    Kinetic En.   Total Energy    Temperature Pressure (bar)
    9.73504e+03   -3.60592e+04    3.38936e+02   -2.14764e+01

           Step           Time
         350000    10500.00000

   Energies (kJ/mol)
           Bond       G96Angle        LJ (SR)   Coulomb (SR)      Potential
    2.49629e+03    1.10571e+03   -4.84428e+04   -6.28115e+02   -4.54689e+04
    Kinetic En.   Total Energy    Temperature Pressure (bar)
    9.80723e+03   -3.56617e+04    3.41450e+02    7.56328e+01

           Step           Time
         360000    10800.00000

   Energies (kJ/mol)
           Bond       G96Angle        LJ (SR)   Coulomb (SR)      Potential
    2.51455e+03    1.05285e+03   -4.82509e+04   -5.93634e+02   -4.52772e+04
    Kinetic En.   Total Energy    Temperature Pressure (bar)
    9.74876e+03   -3.55284e+04    3.39414e+02   -1.31279e+01

           Step           Time
         370000    11100.00000

   Energies (kJ/mol)
           Bond       G96Angle        LJ (SR)   Coulomb (SR)      Potential
    2.59930e+03    1.11499e+03   -4.85415e+04   -6.46980e+02   -4.54742e+04
    Kinetic En.   Total Energy    Temperature Pressure (bar)
    9.73531e+03   -3.57389e+04    3.38946e+02   -1.47375e+01

           Step           Time
         380000    11400.00000

   Energies (kJ/mol)
           Bond       G96Angle        LJ (SR)   Coulomb (SR)      Potential
    2.64722e+03    9.56770e+02   -4.85925e+04   -6.35720e+02   -4.56242e+04
    Kinetic En.   Total Energy    Temperature Pressure (bar)
    9.67487e+03   -3.59493e+04    3.36842e+02   -1.19179e+00

           Step           Time
         390000    11700.00000

   Energies (kJ/mol)
           Bond       G96Angle        LJ (SR)   Coulomb (SR)      Potential
    2.61732e+03    9.31052e+02   -4.82244e+04   -6.03133e+02   -4.52792e+04
    Kinetic En.   Total Energy    Temperature Pressure (bar)
    9.58595e+03   -3.56932e+04    3.33746e+02    2.01777e+01

           Step           Time
         400000    12000.00000

   Energies (kJ/mol)
           Bond       G96Angle        LJ (SR)   Coulomb (SR)      Potential
    2.63560e+03    1.03335e+03   -4.85776e+04   -6.45917e+02   -4.55545e+04
    Kinetic En.   Total Energy    Temperature Pressure (bar)
    9.66513e+03   -3.58894e+04    3.36503e+02    1.06372e+02

           Step           Time
         410000    12300.00000

   Energies (kJ/mol)
           Bond       G96Angle        LJ (SR)   Coulomb (SR)      Potential
    2.49465e+03    1.02693e+03   -4.84188e+04   -6.27277e+02   -4.55245e+04
    Kinetic En.   Total Energy    Temperature Pressure (bar)
    1.01164e+04   -3.54081e+04    3.52213e+02    6.25771e+01

           Step           Time
         420000    12600.00000

   Energies (kJ/mol)
           Bond       G96Angle        LJ (SR)   Coulomb (SR)      Potential
    2.54881e+03    1.00884e+03   -4.84557e+04   -6.68561e+02   -4.55667e+04
    Kinetic En.   Total Energy    Temperature Pressure (bar)
    9.87569e+03   -3.56910e+04    3.43833e+02    1.60567e+01

           Step           Time
         430000    12900.00000

   Energies (kJ/mol)
           Bond       G96Angle        LJ (SR)   Coulomb (SR)      Potential
    2.64951e+03    1.14976e+03   -4.86600e+04   -6.38710e+02   -4.54995e+04
    Kinetic En.   Total Energy    Temperature Pressure (bar)
    9.73393e+03   -3.57656e+04    3.38898e+02   -7.03876e+01

           Step           Time
         440000    13200.00000

   Energies (kJ/mol)
           Bond       G96Angle        LJ (SR)   Coulomb (SR)      Potential
    2.47609e+03    9.90866e+02   -4.88247e+04   -5.87506e+02   -4.59452e+04
    Kinetic En.   Total Energy    Temperature Pressure (bar)
    9.32265e+03   -3.66226e+04    3.24579e+02   -7.33370e+01

           Step           Time
         450000    13500.00000

   Energies (kJ/mol)
           Bond       G96Angle        LJ (SR)   Coulomb (SR)      Potential
    2.42992e+03    1.12899e+03   -4.83085e+04   -5.92426e+02   -4.53420e+04
    Kinetic En.   Total Energy    Temperature Pressure (bar)
    9.82036e+03   -3.55217e+04    3.41907e+02   -3.84310e-01

           Step           Time
         460000    13800.00000

   Energies (kJ/mol)
           Bond       G96Angle        LJ (SR)   Coulomb (SR)      Potential
    2.60631e+03    1.07500e+03   -4.86263e+04   -7.06560e+02   -4.56515e+04
    Kinetic En.   Total Energy    Temperature Pressure (bar)
    9.91643e+03   -3.57351e+04    3.45252e+02    1.27415e+01

           Step           Time
         470000    14100.00000

   Energies (kJ/mol)
           Bond       G96Angle        LJ (SR)   Coulomb (SR)      Potential
    2.49207e+03    1.08997e+03   -4.84761e+04   -6.45184e+02   -4.55392e+04
    Kinetic En.   Total Energy    Temperature Pressure (bar)
    9.95433e+03   -3.55849e+04    3.46571e+02    1.87568e+01

           Step           Time
         480000    14400.00000

   Energies (kJ/mol)
           Bond       G96Angle        LJ (SR)   Coulomb (SR)      Potential
    2.50218e+03    9.58189e+02   -4.84825e+04   -6.59708e+02   -4.56819e+04
    Kinetic En.   Total Energy    Temperature Pressure (bar)
    9.80401e+03   -3.58778e+04    3.41338e+02    2.39136e+01

           Step           Time
         490000    14700.00000

   Energies (kJ/mol)
           Bond       G96Angle        LJ (SR)   Coulomb (SR)      Potential
    2.61704e+03    1.03625e+03   -4.85269e+04   -5.72516e+02   -4.54461e+04
    Kinetic En.   Total Energy    Temperature Pressure (bar)
    1.00199e+04   -3.54262e+04    3.48855e+02   -5.59032e+01

           Step           Time
         500000    15000.00000

   Energies (kJ/mol)
           Bond       G96Angle        LJ (SR)   Coulomb (SR)      Potential
    2.46952e+03    1.06118e+03   -4.88743e+04   -6.55112e+02   -4.59987e+04
    Kinetic En.   Total Energy    Temperature Pressure (bar)
    9.79533e+03   -3.62034e+04    3.41036e+02   -1.69097e+01

           Step           Time
         510000    15300.00000

   Energies (kJ/mol)
           Bond       G96Angle        LJ (SR)   Coulomb (SR)      Potential
    2.54328e+03    1.05036e+03   -4.84773e+04   -6.22515e+02   -4.55062e+04
    Kinetic En.   Total Energy    Temperature Pressure (bar)
    9.65144e+03   -3.58547e+04    3.36026e+02    7.42608e+01

           Step           Time
         520000    15600.00000

   Energies (kJ/mol)
           Bond       G96Angle        LJ (SR)   Coulomb (SR)      Potential
    2.53241e+03    1.05323e+03   -4.82733e+04   -6.01054e+02   -4.52887e+04
    Kinetic En.   Total Energy    Temperature Pressure (bar)
    9.82313e+03   -3.54656e+04    3.42003e+02    5.74036e+01

           Step           Time
         530000    15900.00000

   Energies (kJ/mol)
           Bond       G96Angle        LJ (SR)   Coulomb (SR)      Potential
    2.47464e+03    1.02409e+03   -4.84689e+04   -6.29439e+02   -4.55997e+04
    Kinetic En.   Total Energy    Temperature Pressure (bar)
    9.80142e+03   -3.57982e+04    3.41248e+02    7.72961e+00

           Step           Time
         540000    16200.00000

   Energies (kJ/mol)
           Bond       G96Angle        LJ (SR)   Coulomb (SR)      Potential
    2.35514e+03    1.13190e+03   -4.85058e+04   -5.71746e+02   -4.55905e+04
    Kinetic En.   Total Energy    Temperature Pressure (bar)
    9.87966e+03   -3.57108e+04    3.43972e+02    5.47414e+00

           Step           Time
         550000    16500.00000

   Energies (kJ/mol)
           Bond       G96Angle        LJ (SR)   Coulomb (SR)      Potential
    2.36392e+03    9.83485e+02   -4.88165e+04   -6.33003e+02   -4.61021e+04
    Kinetic En.   Total Energy    Temperature Pressure (bar)
    9.38013e+03   -3.67220e+04    3.26580e+02   -2.49268e+00

           Step           Time
         560000    16800.00000

   Energies (kJ/mol)
           Bond       G96Angle        LJ (SR)   Coulomb (SR)      Potential
    2.63950e+03    1.11719e+03   -4.85246e+04   -6.40676e+02   -4.54086e+04
    Kinetic En.   Total Energy    Temperature Pressure (bar)
    1.00091e+04   -3.53995e+04    3.48479e+02   -2.68815e+01

           Step           Time
         570000    17100.00000

   Energies (kJ/mol)
           Bond       G96Angle        LJ (SR)   Coulomb (SR)      Potential
    2.54341e+03    1.06262e+03   -4.86089e+04   -5.78356e+02   -4.55812e+04
    Kinetic En.   Total Energy    Temperature Pressure (bar)
    9.82727e+03   -3.57540e+04    3.42148e+02   -2.30349e+01

           Step           Time
         580000    17400.00000

   Energies (kJ/mol)
           Bond       G96Angle        LJ (SR)   Coulomb (SR)      Potential
    2.53662e+03    1.04859e+03   -4.83289e+04   -6.33566e+02   -4.53772e+04
    Kinetic En.   Total Energy    Temperature Pressure (bar)
    9.65185e+03   -3.57254e+04    3.36040e+02    7.09101e+01

           Step           Time
         590000    17700.00000

   Energies (kJ/mol)
           Bond       G96Angle        LJ (SR)   Coulomb (SR)      Potential
    2.58439e+03    1.00231e+03   -4.79686e+04   -6.06983e+02   -4.49889e+04
    Kinetic En.   Total Energy    Temperature Pressure (bar)
    1.01438e+04   -3.48450e+04    3.53170e+02    6.50502e+01

           Step           Time
         600000    18000.00000

   Energies (kJ/mol)
           Bond       G96Angle        LJ (SR)   Coulomb (SR)      Potential
    2.35886e+03    1.05399e+03   -4.87555e+04   -5.82643e+02   -4.59253e+04
    Kinetic En.   Total Energy    Temperature Pressure (bar)
    9.72048e+03   -3.62048e+04    3.38430e+02    8.88711e+01

           Step           Time
         610000    18300.00000

   Energies (kJ/mol)
           Bond       G96Angle        LJ (SR)   Coulomb (SR)      Potential
    2.44244e+03    9.71358e+02   -4.86447e+04   -6.16233e+02   -4.58471e+04
    Kinetic En.   Total Energy    Temperature Pressure (bar)
    1.01306e+04   -3.57165e+04    3.52708e+02    1.14586e+02

           Step           Time
         620000    18600.00000

   Energies (kJ/mol)
           Bond       G96Angle        LJ (SR)   Coulomb (SR)      Potential
    2.52182e+03    1.01192e+03   -4.82750e+04   -6.14157e+02   -4.53554e+04
    Kinetic En.   Total Energy    Temperature Pressure (bar)
    9.94628e+03   -3.54091e+04    3.46291e+02    6.87302e+01

           Step           Time
         630000    18900.00000

   Energies (kJ/mol)
           Bond       G96Angle        LJ (SR)   Coulomb (SR)      Potential
    2.57793e+03    1.01006e+03   -4.87155e+04   -6.46737e+02   -4.57742e+04
    Kinetic En.   Total Energy    Temperature Pressure (bar)
    9.57816e+03   -3.61960e+04    3.33474e+02    1.54444e+00

           Step           Time
         640000    19200.00000

   Energies (kJ/mol)
           Bond       G96Angle        LJ (SR)   Coulomb (SR)      Potential
    2.52449e+03    9.92536e+02   -4.89298e+04   -5.89257e+02   -4.60020e+04
    Kinetic En.   Total Energy    Temperature Pressure (bar)
    9.86887e+03   -3.61332e+04    3.43596e+02   -1.64788e+01

           Step           Time
         650000    19500.00000

   Energies (kJ/mol)
           Bond       G96Angle        LJ (SR)   Coulomb (SR)      Potential
    2.62287e+03    1.06873e+03   -4.85534e+04   -6.62224e+02   -4.55240e+04
    Kinetic En.   Total Energy    Temperature Pressure (bar)
    9.84997e+03   -3.56741e+04    3.42938e+02   -4.94817e+01

           Step           Time
         660000    19800.00000

   Energies (kJ/mol)
           Bond       G96Angle        LJ (SR)   Coulomb (SR)      Potential
    2.53205e+03    1.02917e+03   -4.86761e+04   -6.12239e+02   -4.57271e+04
    Kinetic En.   Total Energy    Temperature Pressure (bar)
    9.77344e+03   -3.59537e+04    3.40274e+02   -6.92795e+01

           Step           Time
         670000    20100.00000

   Energies (kJ/mol)
           Bond       G96Angle        LJ (SR)   Coulomb (SR)      Potential
    2.54124e+03    1.08176e+03   -4.86701e+04   -6.35054e+02   -4.56822e+04
    Kinetic En.   Total Energy    Temperature Pressure (bar)
    9.52690e+03   -3.61553e+04    3.31690e+02   -4.26426e+01

Writing checkpoint, step 676660 at Wed Aug  2 09:18:33 2017


           Step           Time
         680000    20400.00000

   Energies (kJ/mol)
           Bond       G96Angle        LJ (SR)   Coulomb (SR)      Potential
    2.74290e+03    1.09973e+03   -4.86505e+04   -5.99333e+02   -4.54072e+04
    Kinetic En.   Total Energy    Temperature Pressure (bar)
    9.82650e+03   -3.55807e+04    3.42121e+02   -2.70541e+00

           Step           Time
         690000    20700.00000

   Energies (kJ/mol)
           Bond       G96Angle        LJ (SR)   Coulomb (SR)      Potential
    2.55927e+03    1.07841e+03   -4.83070e+04   -6.43582e+02   -4.53129e+04
    Kinetic En.   Total Energy    Temperature Pressure (bar)
    9.68999e+03   -3.56229e+04    3.37368e+02    1.93238e+01

           Step           Time
         700000    21000.00000

   Energies (kJ/mol)
           Bond       G96Angle        LJ (SR)   Coulomb (SR)      Potential
    2.70197e+03    1.02131e+03   -4.82873e+04   -6.98671e+02   -4.52627e+04
    Kinetic En.   Total Energy    Temperature Pressure (bar)
    9.91969e+03   -3.53430e+04    3.45365e+02    7.74197e+01

           Step           Time
         710000    21300.00000

   Energies (kJ/mol)
           Bond       G96Angle        LJ (SR)   Coulomb (SR)      Potential
    2.41959e+03    1.04547e+03   -4.85077e+04   -6.31301e+02   -4.56740e+04
    Kinetic En.   Total Energy    Temperature Pressure (bar)
    9.48808e+03   -3.61859e+04    3.30338e+02    2.08097e+01

           Step           Time
         720000    21600.00000

   Energies (kJ/mol)
           Bond       G96Angle        LJ (SR)   Coulomb (SR)      Potential
    2.64750e+03    9.94379e+02   -4.84631e+04   -6.52531e+02   -4.54737e+04
    Kinetic En.   Total Energy    Temperature Pressure (bar)
    9.69291e+03   -3.57808e+04    3.37470e+02   -5.18764e+01

           Step           Time
         730000    21900.00000

   Energies (kJ/mol)
           Bond       G96Angle        LJ (SR)   Coulomb (SR)      Potential
    2.33934e+03    1.07715e+03   -4.87315e+04   -6.36166e+02   -4.59512e+04
    Kinetic En.   Total Energy    Temperature Pressure (bar)
    1.00095e+04   -3.59417e+04    3.48492e+02    5.91493e+00

           Step           Time
         740000    22200.00000

   Energies (kJ/mol)
           Bond       G96Angle        LJ (SR)   Coulomb (SR)      Potential
    2.52467e+03    9.46145e+02   -4.84676e+04   -6.15383e+02   -4.56121e+04
    Kinetic En.   Total Energy    Temperature Pressure (bar)
    9.55655e+03   -3.60556e+04    3.32722e+02    5.76377e+01

           Step           Time
         750000    22500.00000

   Energies (kJ/mol)
           Bond       G96Angle        LJ (SR)   Coulomb (SR)      Potential
    2.55263e+03    1.08235e+03   -4.86283e+04   -6.31885e+02   -4.56252e+04
    Kinetic En.   Total Energy    Temperature Pressure (bar)
    1.00869e+04   -3.55384e+04    3.51185e+02    5.30420e+01

           Step           Time
         760000    22800.00000

   Energies (kJ/mol)
           Bond       G96Angle        LJ (SR)   Coulomb (SR)      Potential
    2.47647e+03    1.02264e+03   -4.82606e+04   -6.28295e+02   -4.53898e+04
    Kinetic En.   Total Energy    Temperature Pressure (bar)
    1.00919e+04   -3.52980e+04    3.51359e+02    2.92040e+01

           Step           Time
         770000    23100.00000

   Energies (kJ/mol)
           Bond       G96Angle        LJ (SR)   Coulomb (SR)      Potential
    2.57507e+03    1.05401e+03   -4.85206e+04   -6.61846e+02   -4.55533e+04
    Kinetic En.   Total Energy    Temperature Pressure (bar)
    9.95444e+03   -3.55989e+04    3.46575e+02    1.28742e+02

           Step           Time
         780000    23400.00000

   Energies (kJ/mol)
           Bond       G96Angle        LJ (SR)   Coulomb (SR)      Potential
    2.59579e+03    1.06145e+03   -4.85933e+04   -6.12290e+02   -4.55484e+04
    Kinetic En.   Total Energy    Temperature Pressure (bar)
    9.81364e+03   -3.57347e+04    3.41673e+02   -2.45549e+00

           Step           Time
         790000    23700.00000

   Energies (kJ/mol)
           Bond       G96Angle        LJ (SR)   Coulomb (SR)      Potential
    2.54349e+03    1.18734e+03   -4.86314e+04   -6.51419e+02   -4.55520e+04
    Kinetic En.   Total Energy    Temperature Pressure (bar)
    9.89838e+03   -3.56536e+04    3.44623e+02   -5.28970e+01

           Step           Time
         800000    24000.00000

   Energies (kJ/mol)
           Bond       G96Angle        LJ (SR)   Coulomb (SR)      Potential
    2.49871e+03    1.04623e+03   -4.87734e+04   -5.76949e+02   -4.58054e+04
    Kinetic En.   Total Energy    Temperature Pressure (bar)
    9.86043e+03   -3.59450e+04    3.43302e+02   -2.10899e+01

           Step           Time
         810000    24300.00000

   Energies (kJ/mol)
           Bond       G96Angle        LJ (SR)   Coulomb (SR)      Potential
    2.55470e+03    1.06795e+03   -4.85962e+04   -6.98776e+02   -4.56724e+04
    Kinetic En.   Total Energy    Temperature Pressure (bar)
    9.95907e+03   -3.57133e+04    3.46736e+02   -6.15317e+01

           Step           Time
         820000    24600.00000

   Energies (kJ/mol)
           Bond       G96Angle        LJ (SR)   Coulomb (SR)      Potential
    2.51530e+03    1.02212e+03   -4.87395e+04   -6.35552e+02   -4.58376e+04
    Kinetic En.   Total Energy    Temperature Pressure (bar)
    9.57733e+03   -3.62603e+04    3.33446e+02    2.37351e+01

           Step           Time
         830000    24900.00000

   Energies (kJ/mol)
           Bond       G96Angle        LJ (SR)   Coulomb (SR)      Potential
    2.29828e+03    9.64967e+02   -4.85804e+04   -6.41560e+02   -4.59587e+04
    Kinetic En.   Total Energy    Temperature Pressure (bar)
    9.75796e+03   -3.62008e+04    3.39735e+02    1.65357e+01

           Step           Time
         840000    25200.00000

   Energies (kJ/mol)
           Bond       G96Angle        LJ (SR)   Coulomb (SR)      Potential
    2.48763e+03    1.09820e+03   -4.87190e+04   -5.95735e+02   -4.57289e+04
    Kinetic En.   Total Energy    Temperature Pressure (bar)
    9.81630e+03   -3.59126e+04    3.41766e+02    5.84347e+00

           Step           Time
         850000    25500.00000

   Energies (kJ/mol)
           Bond       G96Angle        LJ (SR)   Coulomb (SR)      Potential
    2.64382e+03    1.04283e+03   -4.85029e+04   -6.29570e+02   -4.54458e+04
    Kinetic En.   Total Energy    Temperature Pressure (bar)
    9.62967e+03   -3.58161e+04    3.35268e+02   -3.68472e+00

           Step           Time
         860000    25800.00000

   Energies (kJ/mol)
           Bond       G96Angle        LJ (SR)   Coulomb (SR)      Potential
    2.49651e+03    1.08732e+03   -4.84146e+04   -6.25751e+02   -4.54565e+04
    Kinetic En.   Total Energy    Temperature Pressure (bar)
    9.74580e+03   -3.57107e+04    3.39311e+02   -5.54676e+01

           Step           Time
         870000    26100.00000

   Energies (kJ/mol)
           Bond       G96Angle        LJ (SR)   Coulomb (SR)      Potential
    2.45965e+03    9.80997e+02   -4.86455e+04   -6.88668e+02   -4.58935e+04
    Kinetic En.   Total Energy    Temperature Pressure (bar)
    9.89651e+03   -3.59970e+04    3.44558e+02   -1.86890e+01

           Step           Time
         880000    26400.00000

   Energies (kJ/mol)
           Bond       G96Angle        LJ (SR)   Coulomb (SR)      Potential
    2.51804e+03    1.08072e+03   -4.90015e+04   -6.08547e+02   -4.60112e+04
    Kinetic En.   Total Energy    Temperature Pressure (bar)
    9.66615e+03   -3.63451e+04    3.36538e+02    7.29673e+00

           Step           Time
         890000    26700.00000

   Energies (kJ/mol)
           Bond       G96Angle        LJ (SR)   Coulomb (SR)      Potential
    2.49808e+03    1.09071e+03   -4.83649e+04   -6.08943e+02   -4.53851e+04
    Kinetic En.   Total Energy    Temperature Pressure (bar)
    1.01266e+04   -3.52584e+04    3.52570e+02    3.38919e+01

           Step           Time
         900000    27000.00000

   Energies (kJ/mol)
           Bond       G96Angle        LJ (SR)   Coulomb (SR)      Potential
    2.62025e+03    9.58751e+02   -4.85138e+04   -6.27756e+02   -4.55625e+04
    Kinetic En.   Total Energy    Temperature Pressure (bar)
    1.00070e+04   -3.55556e+04    3.48404e+02   -5.99772e+01

           Step           Time
         910000    27300.00000

   Energies (kJ/mol)
           Bond       G96Angle        LJ (SR)   Coulomb (SR)      Potential
    2.54587e+03    1.03654e+03   -4.87271e+04   -6.51063e+02   -4.57958e+04
    Kinetic En.   Total Energy    Temperature Pressure (bar)
    9.65258e+03   -3.61432e+04    3.36066e+02    1.86300e+01

           Step           Time
         920000    27600.00000

   Energies (kJ/mol)
           Bond       G96Angle        LJ (SR)   Coulomb (SR)      Potential
    2.53357e+03    1.10012e+03   -4.84833e+04   -6.27536e+02   -4.54772e+04
    Kinetic En.   Total Energy    Temperature Pressure (bar)
    9.69983e+03   -3.57773e+04    3.37711e+02    7.41108e+01

           Step           Time
         930000    27900.00000

   Energies (kJ/mol)
           Bond       G96Angle        LJ (SR)   Coulomb (SR)      Potential
    2.67812e+03    1.09436e+03   -4.79944e+04   -6.55908e+02   -4.48778e+04
    Kinetic En.   Total Energy    Temperature Pressure (bar)
    9.81245e+03   -3.50654e+04    3.41632e+02    6.66032e+01

           Step           Time
         940000    28200.00000

   Energies (kJ/mol)
           Bond       G96Angle        LJ (SR)   Coulomb (SR)      Potential
    2.54470e+03    1.03125e+03   -4.84473e+04   -6.46295e+02   -4.55176e+04
    Kinetic En.   Total Energy    Temperature Pressure (bar)
    1.00545e+04   -3.54632e+04    3.50058e+02    3.52853e+01

           Step           Time
         950000    28500.00000

   Energies (kJ/mol)
           Bond       G96Angle        LJ (SR)   Coulomb (SR)      Potential
    2.57523e+03    1.06409e+03   -4.88051e+04   -6.15430e+02   -4.57812e+04
    Kinetic En.   Total Energy    Temperature Pressure (bar)
    9.80768e+03   -3.59735e+04    3.41466e+02   -2.63558e+01

           Step           Time
         960000    28800.00000

   Energies (kJ/mol)
           Bond       G96Angle        LJ (SR)   Coulomb (SR)      Potential
    2.50144e+03    1.01800e+03   -4.85570e+04   -6.14376e+02   -4.56520e+04
    Kinetic En.   Total Energy    Temperature Pressure (bar)
    9.78011e+03   -3.58718e+04    3.40506e+02   -3.49632e+01

           Step           Time
         970000    29100.00000

   Energies (kJ/mol)
           Bond       G96Angle        LJ (SR)   Coulomb (SR)      Potential
    2.44169e+03    1.06454e+03   -4.85531e+04   -6.32641e+02   -4.56795e+04
    Kinetic En.   Total Energy    Temperature Pressure (bar)
    9.85158e+03   -3.58279e+04    3.42994e+02   -1.15802e+01

           Step           Time
         980000    29400.00000

   Energies (kJ/mol)
           Bond       G96Angle        LJ (SR)   Coulomb (SR)      Potential
    2.63347e+03    1.05872e+03   -4.80622e+04   -6.23880e+02   -4.49939e+04
    Kinetic En.   Total Energy    Temperature Pressure (bar)
    1.00234e+04   -3.49704e+04    3.48978e+02    2.61546e+01

           Step           Time
         990000    29700.00000

   Energies (kJ/mol)
           Bond       G96Angle        LJ (SR)   Coulomb (SR)      Potential
    2.54385e+03    1.02316e+03   -4.84727e+04   -6.52860e+02   -4.55586e+04
    Kinetic En.   Total Energy    Temperature Pressure (bar)
    9.88061e+03   -3.56780e+04    3.44005e+02    3.72083e+01

           Step           Time
        1000000    30000.00000

Writing checkpoint, step 1000000 at Wed Aug  2 09:25:53 2017


   Energies (kJ/mol)
           Bond       G96Angle        LJ (SR)   Coulomb (SR)      Potential
    2.50203e+03    1.07063e+03   -4.88397e+04   -6.76375e+02   -4.59434e+04
    Kinetic En.   Total Energy    Temperature Pressure (bar)
    9.63366e+03   -3.63097e+04    3.35407e+02   -8.85734e+01

	<======  ###############  ==>
	<====  A V E R A G E S  ====>
	<==  ###############  ======>

	Statistics over 1000001 steps using 10001 frames

   Energies (kJ/mol)
           Bond       G96Angle        LJ (SR)   Coulomb (SR)      Potential
    2.52609e+03    1.04535e+03   -4.85174e+04   -6.30150e+02   -4.55761e+04
    Kinetic En.   Total Energy    Temperature Pressure (bar)
    9.79463e+03   -3.57815e+04    3.41011e+02    1.32806e+00

          Box-X          Box-Y          Box-Z
    6.28605e+00    6.28605e+00    6.59168e+00

   Total Virial (kJ/mol)
    3.24630e+03   -3.84018e+00   -3.16962e+00
   -3.84014e+00    3.26133e+03    7.83173e+00
   -3.16964e+00    7.83166e+00    3.25627e+03

   Pressure (bar)
    2.40852e+00    5.57211e-01    3.45786e-01
    5.57207e-01    4.59117e-01   -1.08094e+00
    3.45789e-01   -1.08093e+00    1.11653e+00

  Epot (kJ/mol)        Coul-SR          LJ-SR   
      DPPE-DPPE   -6.30150e+02   -4.85174e+04
         DPPE-W    0.00000e+00    0.00000e+00
            W-W    0.00000e+00    0.00000e+00

         T-DPPE            T-W
    3.40890e+02    3.41254e+02


	M E G A - F L O P S   A C C O U N T I N G

 NB=Group-cutoff nonbonded kernels    NxN=N-by-N cluster Verlet kernels
 RF=Reaction-Field  VdW=Van der Waals  QSTab=quadratic-spline table
 W3=SPC/TIP3p  W4=TIP4p (single or pairs)
 V&F=Potential and force  V=Potential only  F=Force only

 Computing:                               M-Number         M-Flops  % Flops
-----------------------------------------------------------------------------
 Pair Search distance check            5540.638576       49865.747     0.2
 NxN RF Elec. + LJ [F]               640276.891392    24330521.873    97.3
 NxN RF Elec. + LJ [V&F]               6467.930240      349268.233     1.4
 Shift-X                                115.202304         691.214     0.0
 Bonds                                 1408.001408       83072.083     0.3
 Angles                                1024.001024      172032.172     0.7
 Virial                                 117.452349        2114.142     0.0
 Stop-CM                                 23.044608         230.446     0.0
 P-Coupling                             115.200000         691.200     0.0
 Calc-Ekin                              230.404608        6220.924     0.0
-----------------------------------------------------------------------------
 Total                                                24994708.035   100.0
-----------------------------------------------------------------------------


     R E A L   C Y C L E   A N D   T I M E   A C C O U N T I N G

On 1 MPI rank, each using 8 OpenMP threads

 Computing:          Num   Num      Call    Wall time         Giga-Cycles
                     Ranks Threads  Count      (s)         total sum    %
-----------------------------------------------------------------------------
 Neighbor search        1    8      50001      47.782       1188.038   3.6
 Launch GPU ops.        1    8    1000001     117.284       2916.130   8.8
 Force                  1    8    1000001     279.982       6961.421  20.9
 Wait GPU local         1    8    1000001     411.715      10236.829  30.7
 NB X/F buffer ops.     1    8    1950001     279.635       6952.803  20.9
 Write traj.            1    8       1002       0.861         21.414   0.1
 Update                 1    8    1000001     160.974       4002.429  12.0
 Rest                                          41.294       1026.734   3.1
-----------------------------------------------------------------------------
 Total                                       1339.527      33305.800 100.0
-----------------------------------------------------------------------------

 GPU timings
-----------------------------------------------------------------------------
 Computing:                         Count  Wall t (s)      ms/step       %
-----------------------------------------------------------------------------
 Pair list H2D                      50001       3.886        0.078     1.3
 X / q H2D                        1000001      24.000        0.024     7.9
 Nonbonded F kernel                950000     238.054        0.251    78.1
 Nonbonded F+prune k.               40000      14.129        0.353     4.6
 Nonbonded F+ene+prune k.           10001       3.842        0.384     1.3
 F D2H                            1000001      20.847        0.021     6.8
-----------------------------------------------------------------------------
 Total                                        304.757        0.305   100.0
-----------------------------------------------------------------------------

Average per-step force GPU/CPU evaluation time ratio: 0.305 ms/0.280 ms = 1.088

               Core t (s)   Wall t (s)        (%)
       Time:    10716.215     1339.527      800.0
                 (ns/day)    (hour/ns)
Performance:     1935.014        0.012
Finished mdrun on rank 0 Wed Aug  2 09:25:53 2017
